2022-07-16 17:06:47.443  INFO 20096 --- [main] .TechareerBitirmeaekoparApplicationTests : Starting TechareerBitirmeaekoparApplicationTests using Java 18.0.1.1 on DESKTOP-8C85SQ0 with PID 20096 (started by hupes in C:\Users\hupes\TechBootCamp\TechareerBitirme\TechareerBitirmeaekopar)
2022-07-16 17:06:47.444  INFO 20096 --- [main] .TechareerBitirmeaekoparApplicationTests : No active profile set, falling back to 1 default profile: "default"
2022-07-16 17:06:48.481  INFO 20096 --- [main] .s.d.r.c.RepositoryConfigurationDelegate : Bootstrapping Spring Data JPA repositories in DEFAULT mode.
2022-07-16 17:06:48.499  INFO 20096 --- [main] .s.d.r.c.RepositoryConfigurationDelegate : Finished Spring Data repository scanning in 6 ms. Found 0 JPA repository interfaces.
2022-07-16 17:06:49.101  INFO 20096 --- [main] o.hibernate.jpa.internal.util.LogHelper  : HHH000204: Processing PersistenceUnitInfo [name: default]
2022-07-16 17:06:49.168  INFO 20096 --- [main] org.hibernate.Version                    : HHH000412: Hibernate ORM core version 5.6.9.Final
2022-07-16 17:06:49.299  INFO 20096 --- [main] o.hibernate.annotations.common.Version   : HCANN000001: Hibernate Commons Annotations {5.1.2.Final}
2022-07-16 17:06:49.429  INFO 20096 --- [main] com.zaxxer.hikari.HikariDataSource       : HikariPool-1 - Starting...
2022-07-16 17:06:49.570  INFO 20096 --- [main] com.zaxxer.hikari.HikariDataSource       : HikariPool-1 - Start completed.
2022-07-16 17:06:49.583  INFO 20096 --- [main] org.hibernate.dialect.Dialect            : HHH000400: Using dialect: org.hibernate.dialect.H2Dialect
2022-07-16 17:06:49.790  INFO 20096 --- [main] o.h.e.t.j.p.i.JtaPlatformInitiator       : HHH000490: Using JtaPlatform implementation: [org.hibernate.engine.transaction.jta.platform.internal.NoJtaPlatform]
2022-07-16 17:06:49.800  INFO 20096 --- [main] j.LocalContainerEntityManagerFactoryBean : Initialized JPA EntityManagerFactory for persistence unit 'default'
2022-07-16 17:06:50.154  WARN 20096 --- [main] JpaBaseConfiguration$JpaWebConfiguration : spring.jpa.open-in-view is enabled by default. Therefore, database queries may be performed during view rendering. Explicitly configure spring.jpa.open-in-view to disable this warning
2022-07-16 17:06:50.699  INFO 20096 --- [main] o.s.b.a.h2.H2ConsoleAutoConfiguration    : H2 console available at '/h2-console'. Database available at 'jdbc:h2:file:./memory_persist/denemedb'
2022-07-16 17:06:50.800  INFO 20096 --- [main] o.s.b.a.w.s.WelcomePageHandlerMapping    : Adding welcome page template: index
2022-07-16 17:06:52.788  WARN 20096 --- [main] .s.s.UserDetailsServiceAutoConfiguration : 

Using generated security password: 5fd7ccb8-425b-4933-8f31-119523b501fd

This generated password is for development use only. Your security configuration must be updated before running your application in production.

2022-07-16 17:06:52.992  INFO 20096 --- [main] o.s.b.a.e.web.EndpointLinksResolver      : Exposing 15 endpoint(s) beneath base path '/actuator '
2022-07-16 17:06:53.043  INFO 20096 --- [main] o.s.s.web.DefaultSecurityFilterChain     : Will secure any request with [org.springframework.security.web.context.request.async.WebAsyncManagerIntegrationFilter@582b14e2, org.springframework.security.web.context.SecurityContextPersistenceFilter@73905dff, org.springframework.security.web.header.HeaderWriterFilter@4880a9d, org.springframework.web.filter.CorsFilter@10e4ce98, org.springframework.security.web.csrf.CsrfFilter@4c0ab04f, org.springframework.security.web.authentication.logout.LogoutFilter@72c175f1, org.springframework.security.web.authentication.UsernamePasswordAuthenticationFilter@c3ca482, org.springframework.security.web.authentication.ui.DefaultLoginPageGeneratingFilter@7304ca87, org.springframework.security.web.authentication.ui.DefaultLogoutPageGeneratingFilter@10466c55, org.springframework.security.web.authentication.www.BasicAuthenticationFilter@24749ad3, org.springframework.security.web.savedrequest.RequestCacheAwareFilter@31de8099, org.springframework.security.web.servletapi.SecurityContextHolderAwareRequestFilter@40d04cf8, org.springframework.security.web.authentication.AnonymousAuthenticationFilter@2a5ed225, org.springframework.security.web.session.SessionManagementFilter@1018f702, org.springframework.security.web.access.ExceptionTranslationFilter@4edd8a0a, org.springframework.security.web.access.intercept.FilterSecurityInterceptor@49654a35]
2022-07-16 17:06:53.240  INFO 20096 --- [main] .TechareerBitirmeaekoparApplicationTests : Started TechareerBitirmeaekoparApplicationTests in 6.042 seconds (JVM running for 7.344)
2022-07-16 17:06:53.587  INFO 20096 --- [SpringApplicationShutdownHook] j.LocalContainerEntityManagerFactoryBean : Closing JPA EntityManagerFactory for persistence unit 'default'
2022-07-16 17:06:53.590  INFO 20096 --- [SpringApplicationShutdownHook] com.zaxxer.hikari.HikariDataSource       : HikariPool-1 - Shutdown initiated...
2022-07-16 17:06:53.592  INFO 20096 --- [SpringApplicationShutdownHook] com.zaxxer.hikari.HikariDataSource       : HikariPool-1 - Shutdown completed.
2022-07-16 17:07:06.848  INFO 19692 --- [restartedMain] c.a.TechareerBitirmeaekoparApplication   : Starting TechareerBitirmeaekoparApplication using Java 18.0.1.1 on DESKTOP-8C85SQ0 with PID 19692 (C:\Users\hupes\TechBootCamp\TechareerBitirme\TechareerBitirmeaekopar\target\classes started by hupes in C:\Users\hupes\TechBootCamp\TechareerBitirme\TechareerBitirmeaekopar)
2022-07-16 17:07:06.849  INFO 19692 --- [restartedMain] c.a.TechareerBitirmeaekoparApplication   : No active profile set, falling back to 1 default profile: "default"
2022-07-16 17:07:06.888  INFO 19692 --- [restartedMain] .e.DevToolsPropertyDefaultsPostProcessor : Devtools property defaults active! Set 'spring.devtools.add-properties' to 'false' to disable
2022-07-16 17:07:06.888  INFO 19692 --- [restartedMain] .e.DevToolsPropertyDefaultsPostProcessor : For additional web related logging consider setting the 'logging.level.web' property to 'DEBUG'
2022-07-16 17:07:07.576  INFO 19692 --- [restartedMain] .s.d.r.c.RepositoryConfigurationDelegate : Bootstrapping Spring Data JPA repositories in DEFAULT mode.
2022-07-16 17:07:07.584  INFO 19692 --- [restartedMain] .s.d.r.c.RepositoryConfigurationDelegate : Finished Spring Data repository scanning in 3 ms. Found 0 JPA repository interfaces.
2022-07-16 17:07:08.042  INFO 19692 --- [restartedMain] o.s.b.w.embedded.tomcat.TomcatWebServer  : Tomcat initialized with port(s): 8080 (http)
2022-07-16 17:07:08.049  INFO 19692 --- [restartedMain] o.apache.catalina.core.StandardService   : Starting service [Tomcat]
2022-07-16 17:07:08.049  INFO 19692 --- [restartedMain] org.apache.catalina.core.StandardEngine  : Starting Servlet engine: [Apache Tomcat/9.0.63]
2022-07-16 17:07:08.108  INFO 19692 --- [restartedMain] o.a.c.c.C.[Tomcat].[localhost].[/]       : Initializing Spring embedded WebApplicationContext
2022-07-16 17:07:08.108  INFO 19692 --- [restartedMain] w.s.c.ServletWebServerApplicationContext : Root WebApplicationContext: initialization completed in 1220 ms
2022-07-16 17:07:08.185  INFO 19692 --- [restartedMain] com.zaxxer.hikari.HikariDataSource       : HikariPool-1 - Starting...
2022-07-16 17:07:08.257  INFO 19692 --- [restartedMain] com.zaxxer.hikari.HikariDataSource       : HikariPool-1 - Start completed.
2022-07-16 17:07:08.265  INFO 19692 --- [restartedMain] o.s.b.a.h2.H2ConsoleAutoConfiguration    : H2 console available at '/h2-console'. Database available at 'jdbc:h2:file:./memory_persist/denemedb'
2022-07-16 17:07:08.379  INFO 19692 --- [restartedMain] o.hibernate.jpa.internal.util.LogHelper  : HHH000204: Processing PersistenceUnitInfo [name: default]
2022-07-16 17:07:08.406  INFO 19692 --- [restartedMain] org.hibernate.Version                    : HHH000412: Hibernate ORM core version 5.6.9.Final
2022-07-16 17:07:08.491  INFO 19692 --- [restartedMain] o.hibernate.annotations.common.Version   : HCANN000001: Hibernate Commons Annotations {5.1.2.Final}
2022-07-16 17:07:08.545  INFO 19692 --- [restartedMain] org.hibernate.dialect.Dialect            : HHH000400: Using dialect: org.hibernate.dialect.H2Dialect
2022-07-16 17:07:08.671  INFO 19692 --- [restartedMain] o.h.e.t.j.p.i.JtaPlatformInitiator       : HHH000490: Using JtaPlatform implementation: [org.hibernate.engine.transaction.jta.platform.internal.NoJtaPlatform]
2022-07-16 17:07:08.677  INFO 19692 --- [restartedMain] j.LocalContainerEntityManagerFactoryBean : Initialized JPA EntityManagerFactory for persistence unit 'default'
2022-07-16 17:07:08.763  WARN 19692 --- [restartedMain] JpaBaseConfiguration$JpaWebConfiguration : spring.jpa.open-in-view is enabled by default. Therefore, database queries may be performed during view rendering. Explicitly configure spring.jpa.open-in-view to disable this warning
2022-07-16 17:07:08.889  INFO 19692 --- [restartedMain] o.s.b.a.w.s.WelcomePageHandlerMapping    : Adding welcome page template: index
2022-07-16 17:07:09.415  WARN 19692 --- [restartedMain] .s.s.UserDetailsServiceAutoConfiguration : 

Using generated security password: 63a9933d-1f05-4219-bdb9-69550df63c13

This generated password is for development use only. Your security configuration must be updated before running your application in production.

2022-07-16 17:07:09.468  INFO 19692 --- [restartedMain] o.s.b.a.e.web.EndpointLinksResolver      : Exposing 15 endpoint(s) beneath base path '/actuator '
2022-07-16 17:07:09.478  INFO 19692 --- [restartedMain] o.s.s.web.DefaultSecurityFilterChain     : Will secure any request with [org.springframework.security.web.context.request.async.WebAsyncManagerIntegrationFilter@1b8dc195, org.springframework.security.web.context.SecurityContextPersistenceFilter@6a808589, org.springframework.security.web.header.HeaderWriterFilter@5ff96d39, org.springframework.web.filter.CorsFilter@288e4a0d, org.springframework.security.web.csrf.CsrfFilter@415ba408, org.springframework.security.web.authentication.logout.LogoutFilter@642fa500, org.springframework.security.web.authentication.UsernamePasswordAuthenticationFilter@6bacb9ee, org.springframework.security.web.authentication.ui.DefaultLoginPageGeneratingFilter@33e221a1, org.springframework.security.web.authentication.ui.DefaultLogoutPageGeneratingFilter@76d23b95, org.springframework.security.web.authentication.www.BasicAuthenticationFilter@56f10e7f, org.springframework.security.web.savedrequest.RequestCacheAwareFilter@53db1b72, org.springframework.security.web.servletapi.SecurityContextHolderAwareRequestFilter@87afccb, org.springframework.security.web.authentication.AnonymousAuthenticationFilter@a7c399d, org.springframework.security.web.session.SessionManagementFilter@3c8d952, org.springframework.security.web.access.ExceptionTranslationFilter@7d837a9b, org.springframework.security.web.access.intercept.FilterSecurityInterceptor@22435d2d]
2022-07-16 17:07:09.515  WARN 19692 --- [restartedMain] o.s.b.d.a.OptionalLiveReloadServer       : Unable to start LiveReload server
2022-07-16 17:07:09.535  WARN 19692 --- [restartedMain] ConfigServletWebServerApplicationContext : Exception encountered during context initialization - cancelling refresh attempt: org.springframework.context.ApplicationContextException: Failed to start bean 'webServerStartStop'; nested exception is org.springframework.boot.web.server.PortInUseException: Port 8080 is already in use
2022-07-16 17:07:09.538  INFO 19692 --- [restartedMain] j.LocalContainerEntityManagerFactoryBean : Closing JPA EntityManagerFactory for persistence unit 'default'
2022-07-16 17:07:09.540  INFO 19692 --- [restartedMain] com.zaxxer.hikari.HikariDataSource       : HikariPool-1 - Shutdown initiated...
2022-07-16 17:07:09.559  INFO 19692 --- [restartedMain] com.zaxxer.hikari.HikariDataSource       : HikariPool-1 - Shutdown completed.
2022-07-16 17:07:09.565  INFO 19692 --- [restartedMain] o.apache.catalina.core.StandardService   : Stopping service [Tomcat]
2022-07-16 17:07:09.590  INFO 19692 --- [restartedMain] ConditionEvaluationReportLoggingListener : 

Error starting ApplicationContext. To display the conditions report re-run your application with 'debug' enabled.
2022-07-16 17:07:09.604 ERROR 19692 --- [restartedMain] o.s.b.d.LoggingFailureAnalysisReporter   : 

***************************
APPLICATION FAILED TO START
***************************

Description:

Web server failed to start. Port 8080 was already in use.

Action:

Identify and stop the process that's listening on port 8080 or configure this application to listen on another port.

2022-07-16 17:07:29.072  INFO 18548 --- [restartedMain] c.a.TechareerBitirmeaekoparApplication   : Starting TechareerBitirmeaekoparApplication using Java 18.0.1.1 on DESKTOP-8C85SQ0 with PID 18548 (C:\Users\hupes\TechBootCamp\TechareerBitirme\TechareerBitirmeaekopar\target\classes started by hupes in C:\Users\hupes\TechBootCamp\TechareerBitirme\TechareerBitirmeaekopar)
2022-07-16 17:07:29.073  INFO 18548 --- [restartedMain] c.a.TechareerBitirmeaekoparApplication   : No active profile set, falling back to 1 default profile: "default"
2022-07-16 17:07:29.109  INFO 18548 --- [restartedMain] .e.DevToolsPropertyDefaultsPostProcessor : Devtools property defaults active! Set 'spring.devtools.add-properties' to 'false' to disable
2022-07-16 17:07:29.109  INFO 18548 --- [restartedMain] .e.DevToolsPropertyDefaultsPostProcessor : For additional web related logging consider setting the 'logging.level.web' property to 'DEBUG'
2022-07-16 17:07:29.711  INFO 18548 --- [restartedMain] .s.d.r.c.RepositoryConfigurationDelegate : Bootstrapping Spring Data JPA repositories in DEFAULT mode.
2022-07-16 17:07:29.719  INFO 18548 --- [restartedMain] .s.d.r.c.RepositoryConfigurationDelegate : Finished Spring Data repository scanning in 3 ms. Found 0 JPA repository interfaces.
2022-07-16 17:07:30.084  INFO 18548 --- [restartedMain] o.s.b.w.embedded.tomcat.TomcatWebServer  : Tomcat initialized with port(s): 8081 (http)
2022-07-16 17:07:30.089  INFO 18548 --- [restartedMain] o.apache.catalina.core.StandardService   : Starting service [Tomcat]
2022-07-16 17:07:30.090  INFO 18548 --- [restartedMain] org.apache.catalina.core.StandardEngine  : Starting Servlet engine: [Apache Tomcat/9.0.63]
2022-07-16 17:07:30.145  INFO 18548 --- [restartedMain] o.a.c.c.C.[Tomcat].[localhost].[/]       : Initializing Spring embedded WebApplicationContext
2022-07-16 17:07:30.145  INFO 18548 --- [restartedMain] w.s.c.ServletWebServerApplicationContext : Root WebApplicationContext: initialization completed in 1036 ms
2022-07-16 17:07:30.213  INFO 18548 --- [restartedMain] com.zaxxer.hikari.HikariDataSource       : HikariPool-1 - Starting...
2022-07-16 17:07:30.276  INFO 18548 --- [restartedMain] com.zaxxer.hikari.HikariDataSource       : HikariPool-1 - Start completed.
2022-07-16 17:07:30.282  INFO 18548 --- [restartedMain] o.s.b.a.h2.H2ConsoleAutoConfiguration    : H2 console available at '/h2-console'. Database available at 'jdbc:h2:file:./memory_persist/denemedb'
2022-07-16 17:07:30.363  INFO 18548 --- [restartedMain] o.hibernate.jpa.internal.util.LogHelper  : HHH000204: Processing PersistenceUnitInfo [name: default]
2022-07-16 17:07:30.386  INFO 18548 --- [restartedMain] org.hibernate.Version                    : HHH000412: Hibernate ORM core version 5.6.9.Final
2022-07-16 17:07:30.464  INFO 18548 --- [restartedMain] o.hibernate.annotations.common.Version   : HCANN000001: Hibernate Commons Annotations {5.1.2.Final}
2022-07-16 17:07:30.515  INFO 18548 --- [restartedMain] org.hibernate.dialect.Dialect            : HHH000400: Using dialect: org.hibernate.dialect.H2Dialect
2022-07-16 17:07:30.635  INFO 18548 --- [restartedMain] o.h.e.t.j.p.i.JtaPlatformInitiator       : HHH000490: Using JtaPlatform implementation: [org.hibernate.engine.transaction.jta.platform.internal.NoJtaPlatform]
2022-07-16 17:07:30.640  INFO 18548 --- [restartedMain] j.LocalContainerEntityManagerFactoryBean : Initialized JPA EntityManagerFactory for persistence unit 'default'
2022-07-16 17:07:30.721  WARN 18548 --- [restartedMain] JpaBaseConfiguration$JpaWebConfiguration : spring.jpa.open-in-view is enabled by default. Therefore, database queries may be performed during view rendering. Explicitly configure spring.jpa.open-in-view to disable this warning
2022-07-16 17:07:30.829  INFO 18548 --- [restartedMain] o.s.b.a.w.s.WelcomePageHandlerMapping    : Adding welcome page template: index
2022-07-16 17:07:31.318  WARN 18548 --- [restartedMain] .s.s.UserDetailsServiceAutoConfiguration : 

Using generated security password: 741327c7-a252-45f8-a954-2fc880458f26

This generated password is for development use only. Your security configuration must be updated before running your application in production.

2022-07-16 17:07:31.371  INFO 18548 --- [restartedMain] o.s.b.a.e.web.EndpointLinksResolver      : Exposing 15 endpoint(s) beneath base path '/actuator '
2022-07-16 17:07:31.381  INFO 18548 --- [restartedMain] o.s.s.web.DefaultSecurityFilterChain     : Will secure any request with [org.springframework.security.web.context.request.async.WebAsyncManagerIntegrationFilter@6209120c, org.springframework.security.web.context.SecurityContextPersistenceFilter@4e67bb42, org.springframework.security.web.header.HeaderWriterFilter@43a5cdfd, org.springframework.web.filter.CorsFilter@7370df3a, org.springframework.security.web.csrf.CsrfFilter@31fe8ab, org.springframework.security.web.authentication.logout.LogoutFilter@2e183237, org.springframework.security.web.authentication.UsernamePasswordAuthenticationFilter@a9a1923, org.springframework.security.web.authentication.ui.DefaultLoginPageGeneratingFilter@a6a2e16, org.springframework.security.web.authentication.ui.DefaultLogoutPageGeneratingFilter@68eaabef, org.springframework.security.web.authentication.www.BasicAuthenticationFilter@40db6b50, org.springframework.security.web.savedrequest.RequestCacheAwareFilter@69227976, org.springframework.security.web.servletapi.SecurityContextHolderAwareRequestFilter@4844e3e0, org.springframework.security.web.authentication.AnonymousAuthenticationFilter@34e0eb83, org.springframework.security.web.session.SessionManagementFilter@477040f5, org.springframework.security.web.access.ExceptionTranslationFilter@793ebc5a, org.springframework.security.web.access.intercept.FilterSecurityInterceptor@68288d2f]
2022-07-16 17:07:31.420  WARN 18548 --- [restartedMain] o.s.b.d.a.OptionalLiveReloadServer       : Unable to start LiveReload server
2022-07-16 17:07:31.469  INFO 18548 --- [restartedMain] o.s.b.w.embedded.tomcat.TomcatWebServer  : Tomcat started on port(s): 8081 (http) with context path ''
2022-07-16 17:07:31.486  INFO 18548 --- [restartedMain] c.a.TechareerBitirmeaekoparApplication   : Started TechareerBitirmeaekoparApplication in 2.654 seconds (JVM running for 3.221)
2022-07-16 17:07:31.550  INFO 18548 --- [RMI TCP Connection(3)-192.168.1.35] o.a.c.c.C.[Tomcat].[localhost].[/]       : Initializing Spring DispatcherServlet 'dispatcherServlet'
2022-07-16 17:07:31.550  INFO 18548 --- [RMI TCP Connection(3)-192.168.1.35] o.s.web.servlet.DispatcherServlet        : Initializing Servlet 'dispatcherServlet'
2022-07-16 17:07:31.552  INFO 18548 --- [RMI TCP Connection(3)-192.168.1.35] o.s.web.servlet.DispatcherServlet        : Completed initialization in 2 ms
2022-07-16 17:07:42.054  INFO 18548 --- [SpringApplicationShutdownHook] j.LocalContainerEntityManagerFactoryBean : Closing JPA EntityManagerFactory for persistence unit 'default'
2022-07-16 17:07:42.056  INFO 18548 --- [SpringApplicationShutdownHook] com.zaxxer.hikari.HikariDataSource       : HikariPool-1 - Shutdown initiated...
2022-07-16 17:07:42.058  INFO 18548 --- [SpringApplicationShutdownHook] com.zaxxer.hikari.HikariDataSource       : HikariPool-1 - Shutdown completed.
